build/app/outputs/mapping/release/mapping.txt
# compiler: R8
# compiler_version: 2.1.62
# min_api: 20
# pg_map_id: 013901c
# common_typos_disable
...
com.google.android.gms.common.internal.IGmsCallbacks$zza -> com.google.android.gms.common.internal.k$a:
    boolean zza(int,android.os.Parcel,android.os.Parcel,int) -> o
com.google.android.gms.common.internal.IGmsServiceBroker -> com.google.android.gms.common.internal.m:
    void getService(com.google.android.gms.common.internal.IGmsCallbacks,com.google.android.gms.common.internal.GetServiceRequest) -> q1
com.google.android.gms.common.internal.IGmsServiceBroker$Stub$zza -> com.google.android.gms.common.internal.l:
    android.os.IBinder zza -> a
    void getService(com.google.android.gms.common.internal.IGmsCallbacks,com.google.android.gms.common.internal.GetServiceRequest) -> q1
com.google.android.gms.common.internal.Objects -> com.google.android.gms.common.internal.n:
    boolean equal(java.lang.Object,java.lang.Object) -> a
    int hashCode(java.lang.Object[]) -> b
    com.google.android.gms.common.internal.Objects$ToStringHelper toStringHelper(java.lang.Object) -> c
com.google.android.gms.common.internal.Objects$ToStringHelper -> com.google.android.gms.common.internal.n$a:
    java.util.List zzer -> a
    java.lang.Object zzes -> b
    com.google.android.gms.common.internal.Objects$ToStringHelper add(java.lang.String,java.lang.Object) -> a
com.google.android.gms.common.internal.Preconditions -> com.google.android.gms.common.internal.o:
    void checkArgument(boolean) -> a
    void checkArgument(boolean,java.lang.Object) -> b
    void checkArgument(boolean,java.lang.String,java.lang.Object[]) -> c
    void checkHandlerThread(android.os.Handler) -> d
    void checkHandlerThread(android.os.Handler,java.lang.String) -> e
    void checkMainThread(java.lang.String) -> f
    java.lang.String checkNotEmpty(java.lang.String) -> g
    java.lang.String checkNotEmpty(java.lang.String,java.lang.Object) -> h
    java.lang.Object checkNotNull(java.lang.Object) -> i
    java.lang.Object checkNotNull(java.lang.Object,java.lang.Object) -> j
    void checkState(boolean) -> k
    void checkState(boolean,java.lang.Object) -> l
com.google.android.gms.common.internal.ResolveAccountRequest -> com.google.android.gms.common.internal.p:
    android.accounts.Account zax -> b
    com.google.android.gms.auth.api.signin.GoogleSignInAccount zapb -> d
    int zapa -> c
    int zalf -> a
    android.accounts.Account getAccount() -> b
    int getSessionId() -> c
    com.google.android.gms.auth.api.signin.GoogleSignInAccount getSignInAccountHint() -> d
com.google.android.gms.common.internal.ResolveAccountResponse -> com.google.android.gms.common.internal.q:
    android.os.IBinder zanx -> b
    com.google.android.gms.common.ConnectionResult zadi -> c
    boolean zapc -> e
    int zalf -> a
    boolean zagg -> d
    com.google.android.gms.common.internal.IAccountAccessor getAccountAccessor() -> b
    com.google.android.gms.common.ConnectionResult getConnectionResult() -> c
    boolean getSaveDefaultAccount() -> d
    boolean isFromCrossClientAuth() -> e
com.google.android.gms.common.internal.SimpleClientAdapter -> com.google.android.gms.common.internal.r:
    com.google.android.gms.common.api.Api$SimpleClient zapg -> x
    void onSetConnectState(int,android.os.IInterface) -> G
    com.google.android.gms.common.api.Api$SimpleClient getClient() -> i0
    java.lang.String getStartServiceAction() -> k
    java.lang.String getServiceDescriptor() -> n
    int getMinApkVersion() -> p
    android.os.IInterface createServiceInterface(android.os.IBinder) -> q
com.google.android.gms.common.internal.safeparcel.AbstractSafeParcelable -> com.google.android.gms.common.internal.s.a: