build/app/outputs/mapping/release/usage.txt
com.example.trasladex.R$string
com.example.trasladex.R$styleable
com.example.trasladex.R$mipmap
com.example.trasladex.R$integer
com.example.trasladex.R$drawable
com.example.trasladex.R$attr
com.example.trasladex.R
com.example.trasladex.R$layout
com.example.trasladex.R$color
com.example.trasladex.R$dimen
com.example.trasladex.R$style
com.example.trasladex.BuildConfig
com.example.trasladex.R$id
...
com.google.errorprone.annotations.CheckReturnValue
com.google.common.util.concurrent.Futures$FutureCombiner
androidx.annotation.StringRes
com.google.android.gms.common.api.internal.GoogleApiManager:
    public static com.google.android.gms.common.api.internal.GoogleApiManager zabc()
    public static void reportSignOut()
    public final int zabd()
    public final void zaa(com.google.android.gms.common.api.GoogleApi)
    public final void zaa(com.google.android.gms.common.api.internal.zaae)
    final void zab(com.google.android.gms.common.api.internal.zaae)
    public final com.google.android.gms.tasks.Task zaa(java.lang.Iterable)
    final void maybeSignOut()
    public final com.google.android.gms.tasks.Task zac(com.google.android.gms.common.api.GoogleApi)
    public final void zaa(com.google.android.gms.common.api.GoogleApi,int,com.google.android.gms.common.api.internal.BaseImplementation$ApiMethodImpl)
    public final void zaa(com.google.android.gms.common.api.GoogleApi,int,com.google.android.gms.common.api.internal.TaskApiCall,com.google.android.gms.tasks.TaskCompletionSource,com.google.android.gms.common.api.internal.StatusExceptionMapper)
    public final com.google.android.gms.tasks.Task zaa(com.google.android.gms.common.api.GoogleApi,com.google.android.gms.common.api.internal.RegisterListenerMethod,com.google.android.gms.common.api.internal.UnregisterListenerMethod)
    public final com.google.android.gms.tasks.Task zaa(com.google.android.gms.common.api.GoogleApi,com.google.android.gms.common.api.internal.ListenerHolder$ListenerKey)
com.google.android.gms.maps.GoogleMap$OnCameraMoveStartedListener:
    public static final int REASON_GESTURE
    public static final int REASON_API_ANIMATION
    public static final int REASON_DEVELOPER_ANIMATION
com.google.android.gms.common.internal.zzo
kotlin.reflect.KVisibility
com.google.android.gms.common.api.internal.zal:
    protected void <init>(com.google.android.gms.common.api.internal.LifecycleFragment)
    private void <init>(com.google.android.gms.common.api.internal.LifecycleFragment,com.google.android.gms.common.GoogleApiAvailability)
    private static int zaa(com.google.android.gms.common.api.internal.zam)
    public void onCancel(android.content.DialogInterface)
    public void onCreate(android.os.Bundle)
    public void onSaveInstanceState(android.os.Bundle)
    public void onStart()
    public void onActivityResult(int,int,android.content.Intent)
    public void onStop()
    protected abstract void zaa(com.google.android.gms.common.ConnectionResult,int)
    protected abstract void zao()
    protected final void zaq()
    protected volatile boolean mStarted
    protected final java.util.concurrent.atomic.AtomicReference zadf
    private final android.os.Handler zadg
    protected final com.google.android.gms.common.GoogleApiAvailability zacd
androidx.core.app.NotificationManagerCompat$ServiceConnectedEvent
com.google.common.cache.AbstractLoadingCache
kotlin.coroutines.SafeContinuation$Companion
kotlin.SinceKotlin
com.google.android.gms.maps.GoogleMap$OnGroundOverlayClickListener
com.google.common.collect.TreeTraverser
io.flutter.view.FlutterView$Provider
kotlin.TuplesKt
com.google.common.net.MediaType
androidx.core.view.inputmethod.InputConnectionCompat$2
com.google.common.collect.GwtTransient
com.google.android.gms.tasks.zzi
androidx.core.view.accessibility.AccessibilityManagerCompat$AccessibilityStateChangeListenerWrapper
io.flutter.embedding.engine.systemchannels.LocalizationChannel:
    private static final java.lang.String TAG
androidx.core.app.JobIntentService$WorkEnqueuer
kotlin.sequences.SequencesKt__SequenceBuilderKt
io.flutter.embedding.engine.systemchannels.AccessibilityChannel:
    private static final java.lang.String TAG
com.google.common.collect.AbstractMultimap$Values
com.google.common.collect.TreeRangeMap$SubRangeMap$SubRangeMapAsMap$2
com.google.common.io.LineBuffer
io.flutter.embedding.android.AndroidTouchProcessor$PointerChange